16:43:43.488 INFO  [restartedMain][PipiShrimpApplication.logStarting(StartupInfoLogger.java:55)] Starting PipiShrimpApplication using Java 11.0.14.1 on My-Computer with PID 15576 (D:\BackEnd\TemaProject\PipiShrimp\bin\main started by Microsoft in D:\BackEnd\TemaProject\PipiShrimp)
16:43:43.493 INFO  [restartedMain][PipiShrimpApplication.logStartupProfileInfo(SpringApplication.java:632)] No active profile set, falling back to 1 default profile: "default"
16:43:43.598 INFO  [restartedMain][DevToolsPropertyDefaultsPostProcessor.logTo(DeferredLog.java:255)] Devtools property defaults active! Set 'spring.devtools.add-properties' to 'false' to disable
16:43:43.598 INFO  [restartedMain][DevToolsPropertyDefaultsPostProcessor.logTo(DeferredLog.java:255)] For additional web related logging consider setting the 'logging.level.web' property to 'DEBUG'
16:43:45.115 INFO  [restartedMain][RepositoryConfigurationDelegate.registerRepositoriesIn(RepositoryConfigurationDelegate.java:132)] Bootstrapping Spring Data JPA repositories in DEFAULT mode.
16:43:45.281 INFO  [restartedMain][RepositoryConfigurationDelegate.registerRepositoriesIn(RepositoryConfigurationDelegate.java:201)] Finished Spring Data repository scanning in 144 ms. Found 7 JPA repository interfaces.
16:43:47.160 INFO  [restartedMain][TomcatWebServer.initialize(TomcatWebServer.java:108)] Tomcat initialized with port(s): 8080 (http)
16:43:47.174 INFO  [restartedMain][Http11NioProtocol.log(DirectJDKLog.java:173)] Initializing ProtocolHandler ["http-nio-8080"]
16:43:47.177 INFO  [restartedMain][StandardService.log(DirectJDKLog.java:173)] Starting service [Tomcat]
16:43:47.177 INFO  [restartedMain][StandardEngine.log(DirectJDKLog.java:173)] Starting Servlet engine: [Apache Tomcat/9.0.82]
16:43:47.400 INFO  [restartedMain][[/].log(DirectJDKLog.java:173)] Initializing Spring embedded WebApplicationContext
16:43:47.401 INFO  [restartedMain][ServletWebServerApplicationContext.prepareWebApplicationContext(ServletWebServerApplicationContext.java:292)] Root WebApplicationContext: initialization completed in 3802 ms
16:43:47.609 INFO  [restartedMain][HikariDataSource.getConnection(HikariDataSource.java:110)] HikariPool-1 - Starting...
16:43:47.973 INFO  [restartedMain][HikariDataSource.getConnection(HikariDataSource.java:123)] HikariPool-1 - Start completed.
16:43:48.214 INFO  [restartedMain][LogHelper.logPersistenceUnitInformation(LogHelper.java:31)] HHH000204: Processing PersistenceUnitInfo [name: default]
16:43:48.289 INFO  [restartedMain][Version.logVersion(Version.java:44)] HHH000412: Hibernate ORM core version 5.6.15.Final
16:43:48.536 INFO  [restartedMain][Version.<clinit>(JavaReflectionManager.java:56)] HCANN000001: Hibernate Commons Annotations {5.1.2.Final}
16:43:48.755 INFO  [restartedMain][Dialect.<init>(Dialect.java:175)] HHH000400: Using dialect: org.hibernate.dialect.MySQL8Dialect
16:43:50.000 INFO  [restartedMain][JtaPlatformInitiator.initiateService(JtaPlatformInitiator.java:52)] HHH000490: Using JtaPlatform implementation: [org.hibernate.engine.transaction.jta.platform.internal.NoJtaPlatform]
16:43:50.013 INFO  [restartedMain][LocalContainerEntityManagerFactoryBean.buildNativeEntityManagerFactory(AbstractEntityManagerFactoryBean.java:437)] Initialized JPA EntityManagerFactory for persistence unit 'default'
16:43:51.061 WARN  [restartedMain][JpaBaseConfiguration$JpaWebConfiguration.openEntityManagerInViewInterceptor(JpaBaseConfiguration.java:223)] spring.jpa.open-in-view is enabled by default. Therefore, database queries may be performed during view rendering. Explicitly configure spring.jpa.open-in-view to disable this warning
16:43:51.486 INFO  [restartedMain][OptionalLiveReloadServer.startServer(OptionalLiveReloadServer.java:59)] LiveReload server is running on port 35729
16:43:51.531 INFO  [restartedMain][Http11NioProtocol.log(DirectJDKLog.java:173)] Starting ProtocolHandler ["http-nio-8080"]
16:43:51.619 INFO  [restartedMain][TomcatWebServer.start(TomcatWebServer.java:220)] Tomcat started on port(s): 8080 (http) with context path ''
16:43:51.645 INFO  [restartedMain][PipiShrimpApplication.logStarted(StartupInfoLogger.java:61)] Started PipiShrimpApplication in 8.973 seconds (JVM running for 11.447)
16:44:40.690 INFO  [http-nio-8080-exec-2][[/].log(DirectJDKLog.java:173)] Initializing Spring DispatcherServlet 'dispatcherServlet'
16:44:40.691 INFO  [http-nio-8080-exec-2][DispatcherServlet.initServletBean(FrameworkServlet.java:525)] Initializing Servlet 'dispatcherServlet'
16:44:40.693 INFO  [http-nio-8080-exec-2][DispatcherServlet.initServletBean(FrameworkServlet.java:547)] Completed initialization in 1 ms
16:44:40.841 WARN  [http-nio-8080-exec-1][DefaultHandlerExceptionResolver.logException(AbstractHandlerExceptionResolver.java:208)] Resolved [org.springframework.web.method.annotation.MethodArgumentTypeMismatchException: Failed to convert value of type 'java.lang.String' to required type 'int'; nested exception is java.lang.NumberFormatException: For input string: "null"]
16:46:02.218 INFO  [http-nio-8080-exec-6][UserServiceImpl.login(UserServiceImpl.java:103)] login successful
16:54:56.359 WARN  [http-nio-8080-exec-6][DefaultHandlerExceptionResolver.logException(AbstractHandlerExceptionResolver.java:208)] Resolved [org.springframework.web.method.annotation.MethodArgumentTypeMismatchException: Failed to convert value of type 'java.lang.String' to required type 'int'; nested exception is java.lang.NumberFormatException: For input string: "null"]
16:54:56.723 WARN  [http-nio-8080-exec-7][DefaultHandlerExceptionResolver.logException(AbstractHandlerExceptionResolver.java:208)] Resolved [org.springframework.web.method.annotation.MethodArgumentTypeMismatchException: Failed to convert value of type 'java.lang.String' to required type 'int'; nested exception is java.lang.NumberFormatException: For input string: "null"]
16:58:46.727 INFO  [File Watcher][LocalDevToolsAutoConfiguration$RestartingClassPathChangeChangedEventListener.onApplicationEvent(LocalDevToolsAutoConfiguration.java:211)] Restarting due to 6 class path changes (0 additions, 0 deletions, 6 modifications)
16:58:46.786 INFO  [Thread-5][Http11NioProtocol.log(DirectJDKLog.java:173)] Pausing ProtocolHandler ["http-nio-8080"]
16:58:46.786 INFO  [Thread-5][StandardService.log(DirectJDKLog.java:173)] Stopping service [Tomcat]
16:58:46.788 INFO  [Thread-5][[/].log(DirectJDKLog.java:173)] Destroying Spring FrameworkServlet 'dispatcherServlet'
16:58:46.810 INFO  [Thread-5][Http11NioProtocol.log(DirectJDKLog.java:173)] Stopping ProtocolHandler ["http-nio-8080"]
16:58:46.813 INFO  [Thread-5][Http11NioProtocol.log(DirectJDKLog.java:173)] Destroying ProtocolHandler ["http-nio-8080"]
16:58:46.816 INFO  [Thread-5][LocalContainerEntityManagerFactoryBean.destroy(AbstractEntityManagerFactoryBean.java:651)] Closing JPA EntityManagerFactory for persistence unit 'default'
16:58:46.820 INFO  [Thread-5][HikariDataSource.close(HikariDataSource.java:350)] HikariPool-1 - Shutdown initiated...
16:58:46.843 INFO  [Thread-5][HikariDataSource.close(HikariDataSource.java:352)] HikariPool-1 - Shutdown completed.
16:58:46.956 INFO  [restartedMain][PipiShrimpApplication.logStarting(StartupInfoLogger.java:55)] Starting PipiShrimpApplication using Java 11.0.14.1 on My-Computer with PID 15576 (D:\BackEnd\TemaProject\PipiShrimp\bin\main started by Microsoft in D:\BackEnd\TemaProject\PipiShrimp)
16:58:46.957 INFO  [restartedMain][PipiShrimpApplication.logStartupProfileInfo(SpringApplication.java:632)] No active profile set, falling back to 1 default profile: "default"
16:58:47.223 INFO  [restartedMain][RepositoryConfigurationDelegate.registerRepositoriesIn(RepositoryConfigurationDelegate.java:132)] Bootstrapping Spring Data JPA repositories in DEFAULT mode.
16:58:47.252 INFO  [restartedMain][RepositoryConfigurationDelegate.registerRepositoriesIn(RepositoryConfigurationDelegate.java:201)] Finished Spring Data repository scanning in 29 ms. Found 7 JPA repository interfaces.
16:58:47.374 INFO  [restartedMain][TomcatWebServer.initialize(TomcatWebServer.java:108)] Tomcat initialized with port(s): 8080 (http)
16:58:47.375 INFO  [restartedMain][Http11NioProtocol.log(DirectJDKLog.java:173)] Initializing ProtocolHandler ["http-nio-8080"]
16:58:47.375 INFO  [restartedMain][StandardService.log(DirectJDKLog.java:173)] Starting service [Tomcat]
16:58:47.376 INFO  [restartedMain][StandardEngine.log(DirectJDKLog.java:173)] Starting Servlet engine: [Apache Tomcat/9.0.82]
16:58:47.400 INFO  [restartedMain][[/].log(DirectJDKLog.java:173)] Initializing Spring embedded WebApplicationContext
16:58:47.400 INFO  [restartedMain][ServletWebServerApplicationContext.prepareWebApplicationContext(ServletWebServerApplicationContext.java:292)] Root WebApplicationContext: initialization completed in 435 ms
16:58:47.437 INFO  [restartedMain][HikariDataSource.getConnection(HikariDataSource.java:110)] HikariPool-2 - Starting...
16:58:47.443 INFO  [restartedMain][HikariDataSource.getConnection(HikariDataSource.java:123)] HikariPool-2 - Start completed.
16:58:47.463 INFO  [restartedMain][LogHelper.logPersistenceUnitInformation(LogHelper.java:31)] HHH000204: Processing PersistenceUnitInfo [name: default]
16:58:47.469 INFO  [restartedMain][Dialect.<init>(Dialect.java:175)] HHH000400: Using dialect: org.hibernate.dialect.MySQL8Dialect
16:58:47.684 INFO  [restartedMain][JtaPlatformInitiator.initiateService(JtaPlatformInitiator.java:52)] HHH000490: Using JtaPlatform implementation: [org.hibernate.engine.transaction.jta.platform.internal.NoJtaPlatform]
16:58:47.684 INFO  [restartedMain][LocalContainerEntityManagerFactoryBean.buildNativeEntityManagerFactory(AbstractEntityManagerFactoryBean.java:437)] Initialized JPA EntityManagerFactory for persistence unit 'default'
16:58:47.972 WARN  [restartedMain][JpaBaseConfiguration$JpaWebConfiguration.openEntityManagerInViewInterceptor(JpaBaseConfiguration.java:223)] spring.jpa.open-in-view is enabled by default. Therefore, database queries may be performed during view rendering. Explicitly configure spring.jpa.open-in-view to disable this warning
16:58:48.064 INFO  [restartedMain][OptionalLiveReloadServer.startServer(OptionalLiveReloadServer.java:59)] LiveReload server is running on port 35729
16:58:48.071 INFO  [restartedMain][Http11NioProtocol.log(DirectJDKLog.java:173)] Starting ProtocolHandler ["http-nio-8080"]
16:58:48.073 INFO  [restartedMain][TomcatWebServer.start(TomcatWebServer.java:220)] Tomcat started on port(s): 8080 (http) with context path ''
16:58:48.081 INFO  [restartedMain][PipiShrimpApplication.logStarted(StartupInfoLogger.java:61)] Started PipiShrimpApplication in 1.165 seconds (JVM running for 907.882)
16:58:48.083 INFO  [restartedMain][ConditionEvaluationDeltaLoggingListener.onApplicationEvent(ConditionEvaluationDeltaLoggingListener.java:63)] Condition evaluation unchanged
16:59:09.895 INFO  [File Watcher][LocalDevToolsAutoConfiguration$RestartingClassPathChangeChangedEventListener.onApplicationEvent(LocalDevToolsAutoConfiguration.java:211)] Restarting due to 6 class path changes (0 additions, 0 deletions, 6 modifications)
16:59:09.959 INFO  [Thread-9][Http11NioProtocol.log(DirectJDKLog.java:173)] Pausing ProtocolHandler ["http-nio-8080"]
16:59:09.959 INFO  [Thread-9][StandardService.log(DirectJDKLog.java:173)] Stopping service [Tomcat]
16:59:09.965 INFO  [Thread-9][Http11NioProtocol.log(DirectJDKLog.java:173)] Stopping ProtocolHandler ["http-nio-8080"]
16:59:09.968 INFO  [Thread-9][Http11NioProtocol.log(DirectJDKLog.java:173)] Destroying ProtocolHandler ["http-nio-8080"]
16:59:09.970 INFO  [Thread-9][LocalContainerEntityManagerFactoryBean.destroy(AbstractEntityManagerFactoryBean.java:651)] Closing JPA EntityManagerFactory for persistence unit 'default'
16:59:09.971 INFO  [Thread-9][HikariDataSource.close(HikariDataSource.java:350)] HikariPool-2 - Shutdown initiated...
16:59:09.979 INFO  [Thread-9][HikariDataSource.close(HikariDataSource.java:352)] HikariPool-2 - Shutdown completed.
16:59:10.075 INFO  [restartedMain][PipiShrimpApplication.logStarting(StartupInfoLogger.java:55)] Starting PipiShrimpApplication using Java 11.0.14.1 on My-Computer with PID 15576 (D:\BackEnd\TemaProject\PipiShrimp\bin\main started by Microsoft in D:\BackEnd\TemaProject\PipiShrimp)
16:59:10.076 INFO  [restartedMain][PipiShrimpApplication.logStartupProfileInfo(SpringApplication.java:632)] No active profile set, falling back to 1 default profile: "default"
16:59:10.261 INFO  [restartedMain][RepositoryConfigurationDelegate.registerRepositoriesIn(RepositoryConfigurationDelegate.java:132)] Bootstrapping Spring Data JPA repositories in DEFAULT mode.
16:59:10.286 INFO  [restartedMain][RepositoryConfigurationDelegate.registerRepositoriesIn(RepositoryConfigurationDelegate.java:201)] Finished Spring Data repository scanning in 25 ms. Found 7 JPA repository interfaces.
16:59:10.384 INFO  [restartedMain][TomcatWebServer.initialize(TomcatWebServer.java:108)] Tomcat initialized with port(s): 8080 (http)
16:59:10.385 INFO  [restartedMain][Http11NioProtocol.log(DirectJDKLog.java:173)] Initializing ProtocolHandler ["http-nio-8080"]
16:59:10.385 INFO  [restartedMain][StandardService.log(DirectJDKLog.java:173)] Starting service [Tomcat]
16:59:10.385 INFO  [restartedMain][StandardEngine.log(DirectJDKLog.java:173)] Starting Servlet engine: [Apache Tomcat/9.0.82]
16:59:10.411 INFO  [restartedMain][[/].log(DirectJDKLog.java:173)] Initializing Spring embedded WebApplicationContext
16:59:10.411 INFO  [restartedMain][ServletWebServerApplicationContext.prepareWebApplicationContext(ServletWebServerApplicationContext.java:292)] Root WebApplicationContext: initialization completed in 332 ms
16:59:10.439 INFO  [restartedMain][HikariDataSource.getConnection(HikariDataSource.java:110)] HikariPool-3 - Starting...
16:59:10.443 INFO  [restartedMain][HikariDataSource.getConnection(HikariDataSource.java:123)] HikariPool-3 - Start completed.
16:59:10.462 INFO  [restartedMain][LogHelper.logPersistenceUnitInformation(LogHelper.java:31)] HHH000204: Processing PersistenceUnitInfo [name: default]
16:59:10.466 INFO  [restartedMain][Dialect.<init>(Dialect.java:175)] HHH000400: Using dialect: org.hibernate.dialect.MySQL8Dialect
16:59:10.555 INFO  [restartedMain][JtaPlatformInitiator.initiateService(JtaPlatformInitiator.java:52)] HHH000490: Using JtaPlatform implementation: [org.hibernate.engine.transaction.jta.platform.internal.NoJtaPlatform]
16:59:10.555 INFO  [restartedMain][LocalContainerEntityManagerFactoryBean.buildNativeEntityManagerFactory(AbstractEntityManagerFactoryBean.java:437)] Initialized JPA EntityManagerFactory for persistence unit 'default'
16:59:10.837 WARN  [restartedMain][JpaBaseConfiguration$JpaWebConfiguration.openEntityManagerInViewInterceptor(JpaBaseConfiguration.java:223)] spring.jpa.open-in-view is enabled by default. Therefore, database queries may be performed during view rendering. Explicitly configure spring.jpa.open-in-view to disable this warning
16:59:10.911 INFO  [restartedMain][OptionalLiveReloadServer.startServer(OptionalLiveReloadServer.java:59)] LiveReload server is running on port 35729
16:59:10.915 INFO  [restartedMain][Http11NioProtocol.log(DirectJDKLog.java:173)] Starting ProtocolHandler ["http-nio-8080"]
16:59:10.919 INFO  [restartedMain][TomcatWebServer.start(TomcatWebServer.java:220)] Tomcat started on port(s): 8080 (http) with context path ''
16:59:10.922 INFO  [restartedMain][PipiShrimpApplication.logStarted(StartupInfoLogger.java:61)] Started PipiShrimpApplication in 0.887 seconds (JVM running for 930.724)
16:59:10.924 INFO  [restartedMain][ConditionEvaluationDeltaLoggingListener.onApplicationEvent(ConditionEvaluationDeltaLoggingListener.java:63)] Condition evaluation unchanged
16:59:19.530 INFO  [File Watcher][LocalDevToolsAutoConfiguration$RestartingClassPathChangeChangedEventListener.onApplicationEvent(LocalDevToolsAutoConfiguration.java:211)] Restarting due to 6 class path changes (0 additions, 0 deletions, 6 modifications)
16:59:19.626 INFO  [Thread-13][Http11NioProtocol.log(DirectJDKLog.java:173)] Pausing ProtocolHandler ["http-nio-8080"]
16:59:19.626 INFO  [Thread-13][StandardService.log(DirectJDKLog.java:173)] Stopping service [Tomcat]
16:59:19.631 INFO  [Thread-13][Http11NioProtocol.log(DirectJDKLog.java:173)] Stopping ProtocolHandler ["http-nio-8080"]
16:59:19.633 INFO  [Thread-13][Http11NioProtocol.log(DirectJDKLog.java:173)] Destroying ProtocolHandler ["http-nio-8080"]
16:59:19.635 INFO  [Thread-13][LocalContainerEntityManagerFactoryBean.destroy(AbstractEntityManagerFactoryBean.java:651)] Closing JPA EntityManagerFactory for persistence unit 'default'
16:59:19.636 INFO  [Thread-13][HikariDataSource.close(HikariDataSource.java:350)] HikariPool-3 - Shutdown initiated...
16:59:19.642 INFO  [Thread-13][HikariDataSource.close(HikariDataSource.java:352)] HikariPool-3 - Shutdown completed.
16:59:19.739 INFO  [restartedMain][PipiShrimpApplication.logStarting(StartupInfoLogger.java:55)] Starting PipiShrimpApplication using Java 11.0.14.1 on My-Computer with PID 15576 (D:\BackEnd\TemaProject\PipiShrimp\bin\main started by Microsoft in D:\BackEnd\TemaProject\PipiShrimp)
16:59:19.739 INFO  [restartedMain][PipiShrimpApplication.logStartupProfileInfo(SpringApplication.java:632)] No active profile set, falling back to 1 default profile: "default"
16:59:19.909 INFO  [restartedMain][RepositoryConfigurationDelegate.registerRepositoriesIn(RepositoryConfigurationDelegate.java:132)] Bootstrapping Spring Data JPA repositories in DEFAULT mode.
16:59:19.934 INFO  [restartedMain][RepositoryConfigurationDelegate.registerRepositoriesIn(RepositoryConfigurationDelegate.java:201)] Finished Spring Data repository scanning in 24 ms. Found 7 JPA repository interfaces.
16:59:20.020 INFO  [restartedMain][TomcatWebServer.initialize(TomcatWebServer.java:108)] Tomcat initialized with port(s): 8080 (http)
16:59:20.020 INFO  [restartedMain][Http11NioProtocol.log(DirectJDKLog.java:173)] Initializing ProtocolHandler ["http-nio-8080"]
16:59:20.021 INFO  [restartedMain][StandardService.log(DirectJDKLog.java:173)] Starting service [Tomcat]
16:59:20.021 INFO  [restartedMain][StandardEngine.log(DirectJDKLog.java:173)] Starting Servlet engine: [Apache Tomcat/9.0.82]
16:59:20.049 INFO  [restartedMain][[/].log(DirectJDKLog.java:173)] Initializing Spring embedded WebApplicationContext
16:59:20.049 INFO  [restartedMain][ServletWebServerApplicationContext.prepareWebApplicationContext(ServletWebServerApplicationContext.java:292)] Root WebApplicationContext: initialization completed in 305 ms
16:59:20.072 INFO  [restartedMain][HikariDataSource.getConnection(HikariDataSource.java:110)] HikariPool-4 - Starting...
16:59:20.076 INFO  [restartedMain][HikariDataSource.getConnection(HikariDataSource.java:123)] HikariPool-4 - Start completed.
16:59:20.094 INFO  [restartedMain][LogHelper.logPersistenceUnitInformation(LogHelper.java:31)] HHH000204: Processing PersistenceUnitInfo [name: default]
16:59:20.097 INFO  [restartedMain][Dialect.<init>(Dialect.java:175)] HHH000400: Using dialect: org.hibernate.dialect.MySQL8Dialect
16:59:20.213 INFO  [restartedMain][JtaPlatformInitiator.initiateService(JtaPlatformInitiator.java:52)] HHH000490: Using JtaPlatform implementation: [org.hibernate.engine.transaction.jta.platform.internal.NoJtaPlatform]
16:59:20.216 INFO  [restartedMain][LocalContainerEntityManagerFactoryBean.buildNativeEntityManagerFactory(AbstractEntityManagerFactoryBean.java:437)] Initialized JPA EntityManagerFactory for persistence unit 'default'
16:59:20.444 WARN  [restartedMain][JpaBaseConfiguration$JpaWebConfiguration.openEntityManagerInViewInterceptor(JpaBaseConfiguration.java:223)] spring.jpa.open-in-view is enabled by default. Therefore, database queries may be performed during view rendering. Explicitly configure spring.jpa.open-in-view to disable this warning
16:59:20.529 INFO  [restartedMain][OptionalLiveReloadServer.startServer(OptionalLiveReloadServer.java:59)] LiveReload server is running on port 35729
16:59:20.534 INFO  [restartedMain][Http11NioProtocol.log(DirectJDKLog.java:173)] Starting ProtocolHandler ["http-nio-8080"]
16:59:20.539 INFO  [restartedMain][TomcatWebServer.start(TomcatWebServer.java:220)] Tomcat started on port(s): 8080 (http) with context path ''
16:59:20.545 INFO  [restartedMain][PipiShrimpApplication.logStarted(StartupInfoLogger.java:61)] Started PipiShrimpApplication in 0.846 seconds (JVM running for 940.347)
16:59:20.549 INFO  [restartedMain][ConditionEvaluationDeltaLoggingListener.onApplicationEvent(ConditionEvaluationDeltaLoggingListener.java:63)] Condition evaluation unchanged
16:59:49.585 INFO  [File Watcher][LocalDevToolsAutoConfiguration$RestartingClassPathChangeChangedEventListener.onApplicationEvent(LocalDevToolsAutoConfiguration.java:211)] Restarting due to 6 class path changes (0 additions, 0 deletions, 6 modifications)
16:59:49.645 INFO  [Thread-17][Http11NioProtocol.log(DirectJDKLog.java:173)] Pausing ProtocolHandler ["http-nio-8080"]
16:59:49.645 INFO  [Thread-17][StandardService.log(DirectJDKLog.java:173)] Stopping service [Tomcat]
16:59:49.652 INFO  [Thread-17][Http11NioProtocol.log(DirectJDKLog.java:173)] Stopping ProtocolHandler ["http-nio-8080"]
16:59:49.654 INFO  [Thread-17][Http11NioProtocol.log(DirectJDKLog.java:173)] Destroying ProtocolHandler ["http-nio-8080"]
16:59:49.656 INFO  [Thread-17][LocalContainerEntityManagerFactoryBean.destroy(AbstractEntityManagerFactoryBean.java:651)] Closing JPA EntityManagerFactory for persistence unit 'default'
16:59:49.657 INFO  [Thread-17][HikariDataSource.close(HikariDataSource.java:350)] HikariPool-4 - Shutdown initiated...
16:59:49.664 INFO  [Thread-17][HikariDataSource.close(HikariDataSource.java:352)] HikariPool-4 - Shutdown completed.
16:59:49.796 INFO  [restartedMain][PipiShrimpApplication.logStarting(StartupInfoLogger.java:55)] Starting PipiShrimpApplication using Java 11.0.14.1 on My-Computer with PID 15576 (D:\BackEnd\TemaProject\PipiShrimp\bin\main started by Microsoft in D:\BackEnd\TemaProject\PipiShrimp)
16:59:49.796 INFO  [restartedMain][PipiShrimpApplication.logStartupProfileInfo(SpringApplication.java:632)] No active profile set, falling back to 1 default profile: "default"
16:59:49.969 INFO  [restartedMain][RepositoryConfigurationDelegate.registerRepositoriesIn(RepositoryConfigurationDelegate.java:132)] Bootstrapping Spring Data JPA repositories in DEFAULT mode.
16:59:49.993 INFO  [restartedMain][RepositoryConfigurationDelegate.registerRepositoriesIn(RepositoryConfigurationDelegate.java:201)] Finished Spring Data repository scanning in 23 ms. Found 7 JPA repository interfaces.
16:59:50.066 INFO  [restartedMain][TomcatWebServer.initialize(TomcatWebServer.java:108)] Tomcat initialized with port(s): 8080 (http)
16:59:50.067 INFO  [restartedMain][Http11NioProtocol.log(DirectJDKLog.java:173)] Initializing ProtocolHandler ["http-nio-8080"]
16:59:50.067 INFO  [restartedMain][StandardService.log(DirectJDKLog.java:173)] Starting service [Tomcat]
16:59:50.068 INFO  [restartedMain][StandardEngine.log(DirectJDKLog.java:173)] Starting Servlet engine: [Apache Tomcat/9.0.82]
16:59:50.088 INFO  [restartedMain][[/].log(DirectJDKLog.java:173)] Initializing Spring embedded WebApplicationContext
16:59:50.089 INFO  [restartedMain][ServletWebServerApplicationContext.prepareWebApplicationContext(ServletWebServerApplicationContext.java:292)] Root WebApplicationContext: initialization completed in 289 ms
16:59:50.121 INFO  [restartedMain][HikariDataSource.getConnection(HikariDataSource.java:110)] HikariPool-5 - Starting...
16:59:50.125 INFO  [restartedMain][HikariDataSource.getConnection(HikariDataSource.java:123)] HikariPool-5 - Start completed.
16:59:50.142 INFO  [restartedMain][LogHelper.logPersistenceUnitInformation(LogHelper.java:31)] HHH000204: Processing PersistenceUnitInfo [name: default]
16:59:50.146 INFO  [restartedMain][Dialect.<init>(Dialect.java:175)] HHH000400: Using dialect: org.hibernate.dialect.MySQL8Dialect
16:59:50.252 INFO  [restartedMain][JtaPlatformInitiator.initiateService(JtaPlatformInitiator.java:52)] HHH000490: Using JtaPlatform implementation: [org.hibernate.engine.transaction.jta.platform.internal.NoJtaPlatform]
16:59:50.254 INFO  [restartedMain][LocalContainerEntityManagerFactoryBean.buildNativeEntityManagerFactory(AbstractEntityManagerFactoryBean.java:437)] Initialized JPA EntityManagerFactory for persistence unit 'default'
16:59:50.489 WARN  [restartedMain][JpaBaseConfiguration$JpaWebConfiguration.openEntityManagerInViewInterceptor(JpaBaseConfiguration.java:223)] spring.jpa.open-in-view is enabled by default. Therefore, database queries may be performed during view rendering. Explicitly configure spring.jpa.open-in-view to disable this warning
16:59:50.555 INFO  [restartedMain][OptionalLiveReloadServer.startServer(OptionalLiveReloadServer.java:59)] LiveReload server is running on port 35729
16:59:50.560 INFO  [restartedMain][Http11NioProtocol.log(DirectJDKLog.java:173)] Starting ProtocolHandler ["http-nio-8080"]
16:59:50.563 INFO  [restartedMain][TomcatWebServer.start(TomcatWebServer.java:220)] Tomcat started on port(s): 8080 (http) with context path ''
16:59:50.566 INFO  [restartedMain][PipiShrimpApplication.logStarted(StartupInfoLogger.java:61)] Started PipiShrimpApplication in 0.837 seconds (JVM running for 970.367)
16:59:50.567 INFO  [restartedMain][ConditionEvaluationDeltaLoggingListener.onApplicationEvent(ConditionEvaluationDeltaLoggingListener.java:63)] Condition evaluation unchanged
16:59:58.076 INFO  [File Watcher][LocalDevToolsAutoConfiguration$RestartingClassPathChangeChangedEventListener.onApplicationEvent(LocalDevToolsAutoConfiguration.java:211)] Restarting due to 6 class path changes (0 additions, 0 deletions, 6 modifications)
16:59:58.131 INFO  [Thread-21][Http11NioProtocol.log(DirectJDKLog.java:173)] Pausing ProtocolHandler ["http-nio-8080"]
16:59:58.131 INFO  [Thread-21][StandardService.log(DirectJDKLog.java:173)] Stopping service [Tomcat]
16:59:58.140 INFO  [Thread-21][Http11NioProtocol.log(DirectJDKLog.java:173)] Stopping ProtocolHandler ["http-nio-8080"]
16:59:58.143 INFO  [Thread-21][Http11NioProtocol.log(DirectJDKLog.java:173)] Destroying ProtocolHandler ["http-nio-8080"]
16:59:58.144 INFO  [Thread-21][LocalContainerEntityManagerFactoryBean.destroy(AbstractEntityManagerFactoryBean.java:651)] Closing JPA EntityManagerFactory for persistence unit 'default'
16:59:58.145 INFO  [Thread-21][HikariDataSource.close(HikariDataSource.java:350)] HikariPool-5 - Shutdown initiated...
16:59:58.153 INFO  [Thread-21][HikariDataSource.close(HikariDataSource.java:352)] HikariPool-5 - Shutdown completed.
16:59:58.250 INFO  [restartedMain][PipiShrimpApplication.logStarting(StartupInfoLogger.java:55)] Starting PipiShrimpApplication using Java 11.0.14.1 on My-Computer with PID 15576 (D:\BackEnd\TemaProject\PipiShrimp\bin\main started by Microsoft in D:\BackEnd\TemaProject\PipiShrimp)
16:59:58.250 INFO  [restartedMain][PipiShrimpApplication.logStartupProfileInfo(SpringApplication.java:632)] No active profile set, falling back to 1 default profile: "default"
16:59:58.425 INFO  [restartedMain][RepositoryConfigurationDelegate.registerRepositoriesIn(RepositoryConfigurationDelegate.java:132)] Bootstrapping Spring Data JPA repositories in DEFAULT mode.
16:59:58.452 INFO  [restartedMain][RepositoryConfigurationDelegate.registerRepositoriesIn(RepositoryConfigurationDelegate.java:201)] Finished Spring Data repository scanning in 27 ms. Found 7 JPA repository interfaces.
16:59:58.529 INFO  [restartedMain][TomcatWebServer.initialize(TomcatWebServer.java:108)] Tomcat initialized with port(s): 8080 (http)
16:59:58.529 INFO  [restartedMain][Http11NioProtocol.log(DirectJDKLog.java:173)] Initializing ProtocolHandler ["http-nio-8080"]
16:59:58.530 INFO  [restartedMain][StandardService.log(DirectJDKLog.java:173)] Starting service [Tomcat]
16:59:58.530 INFO  [restartedMain][StandardEngine.log(DirectJDKLog.java:173)] Starting Servlet engine: [Apache Tomcat/9.0.82]
16:59:58.550 INFO  [restartedMain][[/].log(DirectJDKLog.java:173)] Initializing Spring embedded WebApplicationContext
16:59:58.550 INFO  [restartedMain][ServletWebServerApplicationContext.prepareWebApplicationContext(ServletWebServerApplicationContext.java:292)] Root WebApplicationContext: initialization completed in 298 ms
16:59:58.572 INFO  [restartedMain][HikariDataSource.getConnection(HikariDataSource.java:110)] HikariPool-6 - Starting...
16:59:58.575 INFO  [restartedMain][HikariDataSource.getConnection(HikariDataSource.java:123)] HikariPool-6 - Start completed.
16:59:58.592 INFO  [restartedMain][LogHelper.logPersistenceUnitInformation(LogHelper.java:31)] HHH000204: Processing PersistenceUnitInfo [name: default]
16:59:58.600 INFO  [restartedMain][Dialect.<init>(Dialect.java:175)] HHH000400: Using dialect: org.hibernate.dialect.MySQL8Dialect
16:59:58.709 INFO  [restartedMain][JtaPlatformInitiator.initiateService(JtaPlatformInitiator.java:52)] HHH000490: Using JtaPlatform implementation: [org.hibernate.engine.transaction.jta.platform.internal.NoJtaPlatform]
16:59:58.710 INFO  [restartedMain][LocalContainerEntityManagerFactoryBean.buildNativeEntityManagerFactory(AbstractEntityManagerFactoryBean.java:437)] Initialized JPA EntityManagerFactory for persistence unit 'default'
16:59:58.901 WARN  [restartedMain][JpaBaseConfiguration$JpaWebConfiguration.openEntityManagerInViewInterceptor(JpaBaseConfiguration.java:223)] spring.jpa.open-in-view is enabled by default. Therefore, database queries may be performed during view rendering. Explicitly configure spring.jpa.open-in-view to disable this warning
16:59:58.959 INFO  [restartedMain][OptionalLiveReloadServer.startServer(OptionalLiveReloadServer.java:59)] LiveReload server is running on port 35729
16:59:58.962 INFO  [restartedMain][Http11NioProtocol.log(DirectJDKLog.java:173)] Starting ProtocolHandler ["http-nio-8080"]
16:59:58.964 INFO  [restartedMain][TomcatWebServer.start(TomcatWebServer.java:220)] Tomcat started on port(s): 8080 (http) with context path ''
16:59:58.969 INFO  [restartedMain][PipiShrimpApplication.logStarted(StartupInfoLogger.java:61)] Started PipiShrimpApplication in 0.749 seconds (JVM running for 978.77)
16:59:58.970 INFO  [restartedMain][ConditionEvaluationDeltaLoggingListener.onApplicationEvent(ConditionEvaluationDeltaLoggingListener.java:63)] Condition evaluation unchanged
17:04:45.845 INFO  [File Watcher][LocalDevToolsAutoConfiguration$RestartingClassPathChangeChangedEventListener.onApplicationEvent(LocalDevToolsAutoConfiguration.java:211)] Restarting due to 6 class path changes (0 additions, 0 deletions, 6 modifications)
17:04:45.930 INFO  [Thread-25][Http11NioProtocol.log(DirectJDKLog.java:173)] Pausing ProtocolHandler ["http-nio-8080"]
17:04:45.931 INFO  [Thread-25][StandardService.log(DirectJDKLog.java:173)] Stopping service [Tomcat]
17:04:45.933 INFO  [Thread-25][Http11NioProtocol.log(DirectJDKLog.java:173)] Stopping ProtocolHandler ["http-nio-8080"]
17:04:45.936 INFO  [Thread-25][Http11NioProtocol.log(DirectJDKLog.java:173)] Destroying ProtocolHandler ["http-nio-8080"]
17:04:45.938 INFO  [Thread-25][LocalContainerEntityManagerFactoryBean.destroy(AbstractEntityManagerFactoryBean.java:651)] Closing JPA EntityManagerFactory for persistence unit 'default'
17:04:45.939 INFO  [Thread-25][HikariDataSource.close(HikariDataSource.java:350)] HikariPool-6 - Shutdown initiated...
17:04:45.955 INFO  [Thread-25][HikariDataSource.close(HikariDataSource.java:352)] HikariPool-6 - Shutdown completed.
17:04:46.165 INFO  [restartedMain][PipiShrimpApplication.logStarting(StartupInfoLogger.java:55)] Starting PipiShrimpApplication using Java 11.0.14.1 on My-Computer with PID 15576 (D:\BackEnd\TemaProject\PipiShrimp\bin\main started by Microsoft in D:\BackEnd\TemaProject\PipiShrimp)
17:04:46.166 INFO  [restartedMain][PipiShrimpApplication.logStartupProfileInfo(SpringApplication.java:632)] No active profile set, falling back to 1 default profile: "default"
17:04:46.630 INFO  [restartedMain][RepositoryConfigurationDelegate.registerRepositoriesIn(RepositoryConfigurationDelegate.java:132)] Bootstrapping Spring Data JPA repositories in DEFAULT mode.
17:04:46.771 INFO  [restartedMain][RepositoryConfigurationDelegate.registerRepositoriesIn(RepositoryConfigurationDelegate.java:201)] Finished Spring Data repository scanning in 140 ms. Found 7 JPA repository interfaces.
17:04:47.281 INFO  [restartedMain][TomcatWebServer.initialize(TomcatWebServer.java:108)] Tomcat initialized with port(s): 8080 (http)
17:04:47.282 INFO  [restartedMain][Http11NioProtocol.log(DirectJDKLog.java:173)] Initializing ProtocolHandler ["http-nio-8080"]
17:04:47.289 INFO  [restartedMain][StandardService.log(DirectJDKLog.java:173)] Starting service [Tomcat]
17:04:47.289 INFO  [restartedMain][StandardEngine.log(DirectJDKLog.java:173)] Starting Servlet engine: [Apache Tomcat/9.0.82]
17:04:47.419 INFO  [restartedMain][[/].log(DirectJDKLog.java:173)] Initializing Spring embedded WebApplicationContext
17:04:47.420 INFO  [restartedMain][ServletWebServerApplicationContext.prepareWebApplicationContext(ServletWebServerApplicationContext.java:292)] Root WebApplicationContext: initialization completed in 1250 ms
17:04:47.537 INFO  [restartedMain][HikariDataSource.getConnection(HikariDataSource.java:110)] HikariPool-7 - Starting...
17:04:47.557 INFO  [restartedMain][HikariDataSource.getConnection(HikariDataSource.java:123)] HikariPool-7 - Start completed.
17:04:47.587 INFO  [restartedMain][LogHelper.logPersistenceUnitInformation(LogHelper.java:31)] HHH000204: Processing PersistenceUnitInfo [name: default]
17:04:47.594 INFO  [restartedMain][Dialect.<init>(Dialect.java:175)] HHH000400: Using dialect: org.hibernate.dialect.MySQL8Dialect
17:04:47.862 INFO  [restartedMain][JtaPlatformInitiator.initiateService(JtaPlatformInitiator.java:52)] HHH000490: Using JtaPlatform implementation: [org.hibernate.engine.transaction.jta.platform.internal.NoJtaPlatform]
17:04:47.862 INFO  [restartedMain][LocalContainerEntityManagerFactoryBean.buildNativeEntityManagerFactory(AbstractEntityManagerFactoryBean.java:437)] Initialized JPA EntityManagerFactory for persistence unit 'default'
17:04:48.529 WARN  [restartedMain][JpaBaseConfiguration$JpaWebConfiguration.openEntityManagerInViewInterceptor(JpaBaseConfiguration.java:223)] spring.jpa.open-in-view is enabled by default. Therefore, database queries may be performed during view rendering. Explicitly configure spring.jpa.open-in-view to disable this warning
17:04:48.751 INFO  [restartedMain][OptionalLiveReloadServer.startServer(OptionalLiveReloadServer.java:59)] LiveReload server is running on port 35729
17:04:48.762 INFO  [restartedMain][Http11NioProtocol.log(DirectJDKLog.java:173)] Starting ProtocolHandler ["http-nio-8080"]
17:04:48.769 INFO  [restartedMain][TomcatWebServer.start(TomcatWebServer.java:220)] Tomcat started on port(s): 8080 (http) with context path ''
17:04:48.773 INFO  [restartedMain][PipiShrimpApplication.logStarted(StartupInfoLogger.java:61)] Started PipiShrimpApplication in 2.722 seconds (JVM running for 1268.574)
17:04:48.774 INFO  [restartedMain][ConditionEvaluationDeltaLoggingListener.onApplicationEvent(ConditionEvaluationDeltaLoggingListener.java:63)] Condition evaluation unchanged
17:04:56.889 INFO  [File Watcher][LocalDevToolsAutoConfiguration$RestartingClassPathChangeChangedEventListener.onApplicationEvent(LocalDevToolsAutoConfiguration.java:211)] Restarting due to 6 class path changes (0 additions, 0 deletions, 6 modifications)
17:04:56.972 INFO  [Thread-29][Http11NioProtocol.log(DirectJDKLog.java:173)] Pausing ProtocolHandler ["http-nio-8080"]
17:04:56.972 INFO  [Thread-29][StandardService.log(DirectJDKLog.java:173)] Stopping service [Tomcat]
17:04:56.977 INFO  [Thread-29][Http11NioProtocol.log(DirectJDKLog.java:173)] Stopping ProtocolHandler ["http-nio-8080"]
17:04:56.980 INFO  [Thread-29][Http11NioProtocol.log(DirectJDKLog.java:173)] Destroying ProtocolHandler ["http-nio-8080"]
17:04:56.981 INFO  [Thread-29][LocalContainerEntityManagerFactoryBean.destroy(AbstractEntityManagerFactoryBean.java:651)] Closing JPA EntityManagerFactory for persistence unit 'default'
17:04:56.982 INFO  [Thread-29][HikariDataSource.close(HikariDataSource.java:350)] HikariPool-7 - Shutdown initiated...
17:04:57.002 INFO  [Thread-29][HikariDataSource.close(HikariDataSource.java:352)] HikariPool-7 - Shutdown completed.
17:04:57.142 INFO  [restartedMain][PipiShrimpApplication.logStarting(StartupInfoLogger.java:55)] Starting PipiShrimpApplication using Java 11.0.14.1 on My-Computer with PID 15576 (D:\BackEnd\TemaProject\PipiShrimp\bin\main started by Microsoft in D:\BackEnd\TemaProject\PipiShrimp)
17:04:57.142 INFO  [restartedMain][PipiShrimpApplication.logStartupProfileInfo(SpringApplication.java:632)] No active profile set, falling back to 1 default profile: "default"
17:04:57.677 INFO  [restartedMain][RepositoryConfigurationDelegate.registerRepositoriesIn(RepositoryConfigurationDelegate.java:132)] Bootstrapping Spring Data JPA repositories in DEFAULT mode.
17:04:57.751 INFO  [restartedMain][RepositoryConfigurationDelegate.registerRepositoriesIn(RepositoryConfigurationDelegate.java:201)] Finished Spring Data repository scanning in 55 ms. Found 7 JPA repository interfaces.
17:04:58.046 INFO  [restartedMain][TomcatWebServer.initialize(TomcatWebServer.java:108)] Tomcat initialized with port(s): 8080 (http)
17:04:58.047 INFO  [restartedMain][Http11NioProtocol.log(DirectJDKLog.java:173)] Initializing ProtocolHandler ["http-nio-8080"]
17:04:58.049 INFO  [restartedMain][StandardService.log(DirectJDKLog.java:173)] Starting service [Tomcat]
17:04:58.067 INFO  [restartedMain][StandardEngine.log(DirectJDKLog.java:173)] Starting Servlet engine: [Apache Tomcat/9.0.82]
17:04:58.110 INFO  [restartedMain][[/].log(DirectJDKLog.java:173)] Initializing Spring embedded WebApplicationContext
17:04:58.110 INFO  [restartedMain][ServletWebServerApplicationContext.prepareWebApplicationContext(ServletWebServerApplicationContext.java:292)] Root WebApplicationContext: initialization completed in 966 ms
17:04:58.136 INFO  [restartedMain][HikariDataSource.getConnection(HikariDataSource.java:110)] HikariPool-8 - Starting...
17:04:58.140 INFO  [restartedMain][HikariDataSource.getConnection(HikariDataSource.java:123)] HikariPool-8 - Start completed.
17:04:58.182 INFO  [restartedMain][LogHelper.logPersistenceUnitInformation(LogHelper.java:31)] HHH000204: Processing PersistenceUnitInfo [name: default]
17:04:58.190 INFO  [restartedMain][Dialect.<init>(Dialect.java:175)] HHH000400: Using dialect: org.hibernate.dialect.MySQL8Dialect
17:04:58.450 INFO  [restartedMain][JtaPlatformInitiator.initiateService(JtaPlatformInitiator.java:52)] HHH000490: Using JtaPlatform implementation: [org.hibernate.engine.transaction.jta.platform.internal.NoJtaPlatform]
17:04:58.450 INFO  [restartedMain][LocalContainerEntityManagerFactoryBean.buildNativeEntityManagerFactory(AbstractEntityManagerFactoryBean.java:437)] Initialized JPA EntityManagerFactory for persistence unit 'default'
17:04:59.124 WARN  [restartedMain][JpaBaseConfiguration$JpaWebConfiguration.openEntityManagerInViewInterceptor(JpaBaseConfiguration.java:223)] spring.jpa.open-in-view is enabled by default. Therefore, database queries may be performed during view rendering. Explicitly configure spring.jpa.open-in-view to disable this warning
17:04:59.296 INFO  [restartedMain][OptionalLiveReloadServer.startServer(OptionalLiveReloadServer.java:59)] LiveReload server is running on port 35729
17:04:59.310 INFO  [restartedMain][Http11NioProtocol.log(DirectJDKLog.java:173)] Starting ProtocolHandler ["http-nio-8080"]
17:04:59.312 INFO  [restartedMain][TomcatWebServer.start(TomcatWebServer.java:220)] Tomcat started on port(s): 8080 (http) with context path ''
17:04:59.323 INFO  [restartedMain][PipiShrimpApplication.logStarted(StartupInfoLogger.java:61)] Started PipiShrimpApplication in 2.233 seconds (JVM running for 1279.125)
17:04:59.324 INFO  [restartedMain][ConditionEvaluationDeltaLoggingListener.onApplicationEvent(ConditionEvaluationDeltaLoggingListener.java:63)] Condition evaluation unchanged
21:42:42.620 INFO  [http-nio-8080-exec-2][[/].log(DirectJDKLog.java:173)] Initializing Spring DispatcherServlet 'dispatcherServlet'
21:42:42.632 INFO  [http-nio-8080-exec-2][DispatcherServlet.initServletBean(FrameworkServlet.java:525)] Initializing Servlet 'dispatcherServlet'
21:42:42.666 INFO  [http-nio-8080-exec-2][DispatcherServlet.initServletBean(FrameworkServlet.java:547)] Completed initialization in 33 ms
21:42:42.739 WARN  [http-nio-8080-exec-1][DefaultHandlerExceptionResolver.logException(AbstractHandlerExceptionResolver.java:208)] Resolved [org.springframework.web.method.annotation.MethodArgumentTypeMismatchException: Failed to convert value of type 'java.lang.String' to required type 'int'; nested exception is java.lang.NumberFormatException: For input string: "null"]
21:42:42.921 WARN  [http-nio-8080-exec-3][DefaultHandlerExceptionResolver.logException(AbstractHandlerExceptionResolver.java:208)] Resolved [org.springframework.web.method.annotation.MethodArgumentTypeMismatchException: Failed to convert value of type 'java.lang.String' to required type 'int'; nested exception is java.lang.NumberFormatException: For input string: "null"]
21:50:03.214 WARN  [http-nio-8080-exec-7][DefaultHandlerExceptionResolver.logException(AbstractHandlerExceptionResolver.java:208)] Resolved [org.springframework.web.method.annotation.MethodArgumentTypeMismatchException: Failed to convert value of type 'java.lang.String' to required type 'int'; nested exception is java.lang.NumberFormatException: For input string: "null"]
21:57:37.988 WARN  [http-nio-8080-exec-8][DefaultHandlerExceptionResolver.logException(AbstractHandlerExceptionResolver.java:208)] Resolved [org.springframework.web.method.annotation.MethodArgumentTypeMismatchException: Failed to convert value of type 'java.lang.String' to required type 'int'; nested exception is java.lang.NumberFormatException: For input string: "null"]
21:57:38.404 WARN  [http-nio-8080-exec-10][DefaultHandlerExceptionResolver.logException(AbstractHandlerExceptionResolver.java:208)] Resolved [org.springframework.web.method.annotation.MethodArgumentTypeMismatchException: Failed to convert value of type 'java.lang.String' to required type 'int'; nested exception is java.lang.NumberFormatException: For input string: "null"]
